\BOOKMARK [0][-]{chapter.1}{\376\377\000I\000n\000t\000r\000o\000d\000u\000c\000c\000i\000\363\000n\000,\000\040\000m\000o\000t\000i\000v\000a\000c\000i\000o\000n\000e\000s\000,\000\040\000o\000b\000j\000e\000t\000i\000v\000o\000s\000\040\000y\000\040\000e\000s\000t\000r\000u\000c\000t\000u\000r\000a}{}% 1
\BOOKMARK [1][-]{section.1.1}{\376\377\000I\000n\000t\000r\000o\000d\000u\000c\000c\000i\000\363\000n}{chapter.1}% 2
\BOOKMARK [1][-]{section.1.2}{\376\377\000M\000o\000t\000i\000v\000a\000c\000i\000o\000n\000e\000s}{chapter.1}% 3
\BOOKMARK [1][-]{section.1.3}{\376\377\000O\000b\000j\000e\000t\000i\000v\000o\000s}{chapter.1}% 4
\BOOKMARK [1][-]{section.1.4}{\376\377\000O\000r\000g\000a\000n\000i\000z\000a\000c\000i\000\363\000n\000\040\000d\000e\000\040\000e\000s\000t\000e\000\040\000T\000r\000a\000b\000a\000j\000o\000\040\000F\000i\000n\000\040\000d\000e\000\040\000G\000r\000a\000d\000o}{chapter.1}% 5
\BOOKMARK [0][-]{chapter.2}{\376\377\000P\000l\000a\000n\000i\000f\000i\000c\000a\000c\000i\000\363\000n}{}% 6
\BOOKMARK [1][-]{section.2.1}{\376\377\000H\000e\000r\000r\000a\000m\000i\000e\000n\000t\000a\000s}{chapter.2}% 7
\BOOKMARK [0][-]{chapter.3}{\376\377\000A\000n\000\341\000l\000i\000s\000i\000s}{}% 8
\BOOKMARK [1][-]{section.3.1}{\376\377\000A\000l\000g\000u\000n\000o\000s\000\040\000c\000o\000n\000c\000e\000p\000t\000o\000s\000\040\000r\000e\000l\000e\000v\000a\000n\000t\000e\000s}{chapter.3}% 9
\BOOKMARK [1][-]{section.3.2}{\376\377\000P\000l\000a\000n\000t\000e\000a\000m\000i\000e\000n\000t\000o\000\040\000d\000e\000l\000\040\000p\000r\000o\000b\000l\000e\000m\000a}{chapter.3}% 10
\BOOKMARK [1][-]{section.3.3}{\376\377\000A\000n\000\341\000l\000i\000s\000i\000s\000\040\000d\000e\000s\000c\000r\000i\000p\000t\000i\000v\000o}{chapter.3}% 11
\BOOKMARK [2][-]{subsection.3.3.1}{\376\377\000L\000a\000\040\000r\000e\000c\000o\000g\000i\000d\000a\000\040\000d\000e\000\040\000d\000a\000t\000o\000s}{section.3.3}% 12
\BOOKMARK [2][-]{subsection.3.3.2}{\376\377\000L\000o\000s\000\040\000a\000\361\000o\000s\000\040\000a\000n\000a\000l\000i\000z\000a\000d\000o\000s\000\040\000y\000\040\000l\000o\000s\000\040\000r\000e\000g\000i\000s\000t\000r\000o\000s\000\040\000e\000x\000i\000s\000t\000e\000n\000t\000e\000s}{section.3.3}% 13
\BOOKMARK [2][-]{subsection.3.3.3}{\376\377\000E\000l\000\040\000n\000\372\000m\000e\000r\000o\000\040\000d\000e\000\040\000g\000r\000u\000p\000o\000s\000\040\000c\000a\000d\000a\000\040\000a\000\361\000o}{section.3.3}% 14
\BOOKMARK [2][-]{subsection.3.3.4}{\376\377\000E\000l\000\040\000p\000e\000r\000i\000o\000d\000o\000\040\000d\000e\000\040\000t\000i\000e\000m\000p\000o\000\040\000a\000n\000a\000l\000i\000z\000a\000d\000o\000\040\000c\000a\000d\000a\000\040\000a\000\361\000o}{section.3.3}% 15
\BOOKMARK [2][-]{subsection.3.3.5}{\376\377\000E\000l\000\040\000c\000o\000n\000j\000u\000n\000t\000o\000\040\000d\000e\000\040\000p\000r\000o\000b\000l\000e\000m\000a\000s\000\040\000a\000n\000a\000l\000i\000z\000a\000d\000o\000s\000\040\000c\000a\000d\000a\000\040\000a\000\361\000o}{section.3.3}% 16
\BOOKMARK [2][-]{subsection.3.3.6}{\376\377\000A\000c\000t\000i\000v\000i\000d\000a\000d\000\040\000r\000e\000g\000i\000s\000t\000r\000a\000d\000a}{section.3.3}% 17
\BOOKMARK [1][-]{section.3.4}{\376\377\000R\000e\000n\000d\000i\000m\000i\000n\000e\000t\000o\000\040\000o\000b\000s\000e\000r\000v\000a\000d\000o\000\040\000d\000e\000\040\000l\000o\000s\000\040\000a\000l\000u\000m\000n\000o\000s}{chapter.3}% 18
\BOOKMARK [2][-]{subsection.3.4.1}{\376\377\000A\000b\000r\000i\000r\000\040\000u\000n\000\040\000p\000r\000o\000b\000l\000e\000m\000a\000\040\000p\000o\000r\000\040\000p\000r\000i\000m\000e\000r\000a\000\040\000v\000e\000z\000\040\000\050\000N\000e\000w\000c\000o\000m\000e\000r\000\051}{section.3.4}% 19
\BOOKMARK [2][-]{subsection.3.4.2}{\376\377\000R\000e\000s\000o\000l\000v\000e\000r\000\040\000u\000n\000\040\000p\000r\000o\000b\000l\000e\000m\000a\000\040\000p\000o\000r\000\040\000p\000r\000i\000m\000e\000r\000a\000\040\000v\000e\000z\000\040\000\050\000E\000a\000r\000l\000y\000B\000i\000r\000d\000\051}{section.3.4}% 20
\BOOKMARK [2][-]{subsection.3.4.3}{\376\377\000S\000i\000g\000u\000i\000e\000n\000d\000o\000\040\000e\000l\000\040\000p\000l\000a\000n\000\040\000d\000e\000l\000\040\000p\000r\000o\000f\000e\000s\000o\000r\000\040\000\050\000F\000o\000l\000l\000o\000w\000e\000r\000\051}{section.3.4}% 21
\BOOKMARK [1][-]{section.3.5}{\376\377\000H\000i\000p\000\363\000t\000e\000s\000i\000s\000\040\000d\000e\000\040\000e\000s\000t\000u\000d\000i\000o}{chapter.3}% 22
\BOOKMARK [2][-]{subsection.3.5.1}{\376\377\000M\000\351\000t\000r\000i\000c\000a\000s\000\040\000d\000e\000\040\000c\000a\000l\000i\000d\000a\000d\000\040\000y\000\040\000c\000o\000r\000r\000e\000l\000a\000c\000i\000o\000n\000e\000s\000\040\000e\000n\000t\000r\000e\000\040\000e\000l\000l\000a\000s}{section.3.5}% 23
\BOOKMARK [0][-]{chapter.4}{\376\377\000D\000i\000s\000e\000\361\000o}{}% 24
\BOOKMARK [0][-]{chapter.5}{\376\377\000I\000m\000p\000l\000e\000m\000e\000n\000t\000a\000c\000i\000\363\000n}{}% 25
\BOOKMARK [1][-]{section.5.1}{\376\377\000A\000n\000\341\000l\000i\000s\000i\000s\000\040\000A\000N\000O\000V\000A\000\040\000y\000\040\000p\000r\000i\000m\000e\000r\000a\000s\000\040\000c\000o\000n\000c\000l\000u\000s\000i\000o\000n\000e\000s}{chapter.5}% 26
\BOOKMARK [2][-]{subsection.5.1.1}{\376\377\000D\000e\000s\000c\000r\000i\000p\000c\000i\000\363\000n\000\040\000d\000e\000l\000\040\000d\000a\000t\000a\000s\000e\000t}{section.5.1}% 27
\BOOKMARK [2][-]{subsection.5.1.2}{\376\377\000I\000n\000t\000r\000o\000d\000u\000c\000c\000i\000\363\000n}{section.5.1}% 28
\BOOKMARK [2][-]{subsection.5.1.3}{\376\377\000T\000w\000o\000\040\000w\000a\000y\000\040\000A\000N\000O\000V\000A}{section.5.1}% 29
\BOOKMARK [2][-]{subsection.5.1.4}{\376\377\000S\000e\000g\000m\000e\000n\000t\000a\000c\000i\000\363\000n\000\040\000d\000e\000\040\000l\000o\000s\000\040\000d\000a\000t\000o\000s}{section.5.1}% 30
\BOOKMARK [1][-]{section.5.2}{\376\377\000E\000x\000t\000r\000a\000c\000c\000i\000\363\000n\000\040\000d\000e\000\040\000p\000r\000o\000c\000e\000s\000o\000s\000\040\000o\000c\000u\000l\000t\000o\000s\000\040\000e\000n\000\040\000l\000o\000s\000\040\000d\000a\000t\000a\000s\000e\000t\000s}{chapter.5}% 31
\BOOKMARK [2][-]{subsection.5.2.1}{\376\377\000E\000x\000t\000r\000a\000c\000c\000i\000\363\000n\000\040\000d\000e\000\040\000l\000o\000s\000\040\000p\000r\000o\000c\000e\000s\000o\000s\000\040\000c\000o\000n\000\040\000D\000I\000S\000C\000O}{section.5.2}% 32
\BOOKMARK [2][-]{subsection.5.2.2}{\376\377\000S\000e\000g\000m\000e\000n\000t\000a\000c\000i\000\363\000n\000\040\000p\000o\000r\000\040\000a\000\361\000o\000s}{section.5.2}% 33
\BOOKMARK [2][-]{subsection.5.2.3}{\376\377\000S\000e\000g\000m\000e\000n\000t\000a\000c\000i\000\363\000n\000\040\000p\000o\000r\000\040\000c\000a\000l\000i\000f\000i\000c\000a\000c\000i\000o\000n\000e\000s}{section.5.2}% 34
\BOOKMARK [2][-]{subsection.5.2.4}{\376\377\000S\000e\000g\000m\000e\000n\000t\000a\000c\000i\000\363\000n\000\040\000p\000o\000r\000\040\000a\000\361\000o\000\040\000y\000\040\000c\000a\000l\000i\000f\000i\000c\000a\000c\000i\000\363\000n}{section.5.2}% 35
\BOOKMARK [1][-]{section.5.3}{\376\377\000A\000n\000\341\000l\000i\000s\000i\000s\000\040\000d\000e\000\040\000l\000o\000s\000\040\000p\000r\000o\000c\000e\000s\000o\000s\000\040\000c\000o\000n\000\040\000s\000e\000g\000m\000e\000n\000t\000a\000c\000i\000\363\000n}{chapter.5}% 36
\BOOKMARK [2][-]{subsection.5.3.1}{\376\377\000A\000r\000q\000u\000i\000t\000e\000c\000t\000u\000r\000a\000\040\000d\000e\000l\000\040\000s\000o\000f\000t\000w\000a\000r\000e}{section.5.3}% 37
\BOOKMARK [2][-]{subsection.5.3.2}{\376\377\000E\000j\000e\000c\000u\000c\000i\000\363\000n\000\040\000d\000e\000l\000\040\000s\000o\000f\000t\000w\000a\000r\000e}{section.5.3}% 38
\BOOKMARK [1][-]{section.5.4}{\376\377\000A\000n\000\341\000l\000i\000s\000i\000s\000\040\000d\000e\000\040\000l\000o\000s\000\040\000m\000o\000t\000i\000v\000o\000s\000\040\000e\000n\000\040\000l\000o\000s\000\040\000c\000a\000m\000b\000i\000o\000s\000\040\000d\000e\000\040\000c\000o\000m\000p\000o\000r\000t\000a\000m\000i\000e\000n\000t\000o}{chapter.5}% 39
\BOOKMARK [1][-]{section.5.5}{\376\377\000A\000n\000\341\000l\000i\000s\000i\000s\000\040\000d\000e\000\040\000s\000i\000\040\000h\000a\000y\000\040\000c\000a\000m\000b\000i\000o\000s\000\040\000i\000n\000d\000u\000c\000i\000d\000o\000s\000\040\000p\000o\000r\000\040\000l\000o\000s\000\040\000\351\000x\000i\000t\000o\000s\000\040\000d\000e\000\040\000l\000o\000s\000\040\000d\000e\000m\000\341\000s\000\040\000g\000r\000u\000p\000o\000s}{chapter.5}% 40
